2024-11-26 02:39:26,893 - INFO - reading batch[0] client 1
2024-11-26 02:39:26,929 - INFO - reading batch[0] client 2
2024-11-26 02:39:26,959 - INFO - reading batch[0] client 3
2024-11-26 02:39:26,984 - INFO - reading batch[0] client 4
2024-11-26 02:39:27,013 - INFO - Partition 1 processing
2024-11-26 02:39:27,027 - INFO - reading batch[1] client 1
2024-11-26 02:39:27,044 - INFO - Partition 1 processing
2024-11-26 02:39:27,064 - INFO - reading batch[1] client 2
2024-11-26 02:39:27,077 - INFO - Partition 1 processing
2024-11-26 02:39:27,097 - INFO - reading batch[1] client 3
2024-11-26 02:39:27,116 - INFO - Partition 1 processing
2024-11-26 02:39:27,128 - INFO - reading batch[1] client 4
2024-11-26 02:39:27,150 - INFO - Partition 1 processing
2024-11-26 02:39:27,161 - INFO - reading batch[2] client 1
2024-11-26 02:39:27,176 - INFO - Partition 2 processing
2024-11-26 02:39:27,187 - INFO - reading batch[2] client 2
2024-11-26 02:39:27,211 - INFO - Partition 1 processing
2024-11-26 02:39:27,215 - INFO - reading batch[2] client 3
2024-11-26 02:39:27,229 - INFO - Partition 1 processing
2024-11-26 02:39:27,246 - INFO - reading batch[2] client 4
2024-11-26 02:39:27,276 - INFO - Partition 1 processing
2024-11-26 02:39:27,290 - INFO - reading batch[3] client 1
2024-11-26 02:39:27,311 - INFO - Partition 2 processing
2024-11-26 02:39:27,315 - INFO - reading batch[3] client 2
2024-11-26 02:39:27,332 - INFO - Partition 3 processing
2024-11-26 02:39:27,336 - INFO - reading batch[3] client 3
2024-11-26 02:39:27,341 - INFO - Partition 1 processing
2024-11-26 02:39:27,362 - INFO - reading batch[3] client 4
2024-11-26 02:39:27,375 - INFO - Partition 1 processing
2024-11-26 02:39:27,392 - INFO - reading batch[4] client 1
2024-11-26 02:39:27,408 - INFO - Partition 1 processing
2024-11-26 02:39:27,425 - INFO - reading batch[4] client 2
2024-11-26 02:39:27,441 - INFO - Partition 1 processing
2024-11-26 02:39:27,458 - INFO - reading batch[4] client 3
2024-11-26 02:39:27,474 - INFO - Partition 4 processing
2024-11-26 02:39:27,474 - INFO - reading batch[4] client 4
2024-11-26 02:39:27,498 - INFO - Partition 1 processing
2024-11-26 02:39:27,508 - INFO - reading batch[5] client 1
2024-11-26 02:39:27,527 - INFO - Partition 2 processing
2024-11-26 02:39:27,532 - INFO - reading batch[5] client 2
2024-11-26 02:39:27,549 - INFO - Partition 3 processing
2024-11-26 02:39:27,549 - INFO - reading batch[5] client 3
2024-11-26 02:39:27,573 - INFO - Partition 1 processing
2024-11-26 02:39:27,581 - INFO - reading batch[5] client 4
2024-11-26 02:39:27,611 - INFO - Final partition
2024-11-26 02:39:27,611 - INFO - Final partition processing
2024-11-26 02:39:27,612 - INFO - Loss: 2.305018901824951
2024-11-26 02:39:27,612 - INFO - reading batch[6] client 1
2024-11-26 02:39:27,632 - INFO - Partition 2 processing
2024-11-26 02:39:27,639 - INFO - reading batch[6] client 2
2024-11-26 02:39:27,641 - INFO - Partition 1 processing
2024-11-26 02:39:27,665 - INFO - reading batch[6] client 3
2024-11-26 02:39:27,681 - INFO - Partition 1 processing
2024-11-26 02:39:27,692 - INFO - reading batch[6] client 4
2024-11-26 02:39:27,708 - INFO - Partition 1 processing
2024-11-26 02:39:27,724 - INFO - reading batch[7] client 1
2024-11-26 02:39:27,741 - INFO - Partition 2 processing
2024-11-26 02:39:27,756 - INFO - reading batch[7] client 2
2024-11-26 02:39:27,781 - INFO - Partition 1 processing
2024-11-26 02:39:27,797 - INFO - reading batch[7] client 3
2024-11-26 02:39:27,822 - INFO - Partition 4 processing
2024-11-26 02:39:27,822 - INFO - reading batch[7] client 4
2024-11-26 02:39:27,844 - INFO - Partition 1 processing
2024-11-26 02:39:27,855 - INFO - reading batch[8] client 1
2024-11-26 02:39:27,877 - INFO - Partition 1 processing
2024-11-26 02:39:27,890 - INFO - reading batch[8] client 2
2024-11-26 02:39:27,910 - INFO - Partition 3 processing
2024-11-26 02:39:27,911 - INFO - reading batch[8] client 3
2024-11-26 02:39:27,924 - INFO - Partition 1 processing
2024-11-26 02:39:27,942 - INFO - reading batch[8] client 4
2024-11-26 02:39:27,961 - INFO - Partition 1 processing
2024-11-26 02:39:27,972 - INFO - reading batch[9] client 1
2024-11-26 02:39:27,994 - INFO - Partition 2 processing
2024-11-26 02:39:27,998 - INFO - reading batch[9] client 2
2024-11-26 02:39:28,007 - INFO - Partition 1 processing
2024-11-26 02:39:28,024 - INFO - reading batch[9] client 3
2024-11-26 02:39:28,041 - INFO - Partition 1 processing
2024-11-26 02:39:28,058 - INFO - reading batch[9] client 4
2024-11-26 02:39:28,074 - INFO - Partition 1 processing
2024-11-26 02:39:28,091 - INFO - reading batch[10] client 1
2024-11-26 02:39:28,107 - INFO - Partition 2 processing
2024-11-26 02:39:28,124 - INFO - reading batch[10] client 2
2024-11-26 02:39:28,141 - INFO - Partition 3 processing
2024-11-26 02:39:28,141 - INFO - reading batch[10] client 3
2024-11-26 02:39:28,164 - INFO - Partition 1 processing
2024-11-26 02:39:28,174 - INFO - reading batch[10] client 4
2024-11-26 02:39:28,207 - INFO - Partition 1 processing
2024-11-26 02:39:28,213 - INFO - reading batch[11] client 1
2024-11-26 02:39:28,241 - INFO - Partition 2 processing
2024-11-26 02:39:28,247 - INFO - reading batch[11] client 2
2024-11-26 02:39:28,257 - INFO - Partition 1 processing
2024-11-26 02:39:28,274 - INFO - reading batch[11] client 3
2024-11-26 02:39:28,290 - INFO - Partition 4 processing
2024-11-26 02:39:28,290 - INFO - reading batch[11] client 4
2024-11-26 02:39:28,326 - INFO - Partition 1 processing
2024-11-26 02:39:28,341 - INFO - reading batch[12] client 1
2024-11-26 02:39:28,361 - INFO - Partition 1 processing
2024-11-26 02:39:28,371 - INFO - reading batch[12] client 2
2024-11-26 02:39:28,374 - INFO - Partition 3 processing
2024-11-26 02:39:28,389 - INFO - reading batch[12] client 3
2024-11-26 02:39:28,410 - INFO - Partition 1 processing
2024-11-26 02:39:28,412 - INFO - reading batch[12] client 4
2024-11-26 02:39:28,444 - INFO - Partition 1 processing
2024-11-26 02:39:28,455 - INFO - reading batch[13] client 1
2024-11-26 02:39:28,476 - INFO - Partition 2 processing
2024-11-26 02:39:28,480 - INFO - reading batch[13] client 2
2024-11-26 02:39:28,490 - INFO - Partition 1 processing
2024-11-26 02:39:28,507 - INFO - reading batch[13] client 3
2024-11-26 02:39:28,524 - INFO - Partition 1 processing
2024-11-26 02:39:28,540 - INFO - reading batch[13] client 4
2024-11-26 02:39:28,557 - INFO - Partition 1 processing
2024-11-26 02:39:28,574 - INFO - reading batch[14] client 1
2024-11-26 02:39:28,590 - INFO - Partition 2 processing
2024-11-26 02:39:28,607 - INFO - reading batch[14] client 2
2024-11-26 02:39:28,624 - INFO - Partition 1 processing
2024-11-26 02:39:28,629 - INFO - reading batch[14] client 3
2024-11-26 02:39:28,658 - INFO - Partition 4 processing
2024-11-26 02:39:28,659 - INFO - reading batch[14] client 4
2024-11-26 02:39:28,681 - INFO - Partition 1 processing
2024-11-26 02:39:28,690 - INFO - reading batch[15] client 1
2024-11-26 02:39:28,707 - INFO - Partition 2 processing
2024-11-26 02:39:28,728 - INFO - reading batch[15] client 2
2024-11-26 02:39:28,740 - INFO - Partition 3 processing
2024-11-26 02:39:28,740 - INFO - reading batch[15] client 3
2024-11-26 02:39:28,765 - INFO - Partition 1 processing
2024-11-26 02:39:28,773 - INFO - reading batch[15] client 4
2024-11-26 02:39:28,790 - INFO - Partition 1 processing
2024-11-26 02:39:28,807 - INFO - reading batch[16] client 1
2024-11-26 02:39:28,823 - INFO - Partition 1 processing
2024-11-26 02:39:28,840 - INFO - reading batch[16] client 2
2024-11-26 02:39:28,856 - INFO - Partition 1 processing
2024-11-26 02:39:28,873 - INFO - reading batch[16] client 3
2024-11-26 02:39:28,890 - INFO - Partition 1 processing
2024-11-26 02:39:28,906 - INFO - reading batch[16] client 4
2024-11-26 02:39:28,923 - INFO - Partition 1 processing
2024-11-26 02:39:28,939 - INFO - reading batch[17] client 1
2024-11-26 02:39:28,960 - INFO - Partition 2 processing
2024-11-26 02:39:28,969 - INFO - reading batch[17] client 2
2024-11-26 02:39:28,989 - INFO - Partition 3 processing
2024-11-26 02:39:28,992 - INFO - reading batch[17] client 3
2024-11-26 02:39:29,011 - INFO - Partition 4 processing
2024-11-26 02:39:29,012 - INFO - reading batch[17] client 4
2024-11-26 02:39:29,032 - INFO - Partition 1 processing
2024-11-26 02:39:29,048 - INFO - reading batch[18] client 1
2024-11-26 02:39:29,073 - INFO - Partition 2 processing
2024-11-26 02:39:29,079 - INFO - reading batch[18] client 2
2024-11-26 02:39:29,091 - INFO - Partition 1 processing
2024-11-26 02:39:29,113 - INFO - reading batch[18] client 3
2024-11-26 02:39:29,124 - INFO - Partition 1 processing
2024-11-26 02:39:29,148 - INFO - reading batch[18] client 4
2024-11-26 02:39:29,171 - INFO - Partition 1 processing
2024-11-26 02:39:29,180 - INFO - reading batch[19] client 1
2024-11-26 02:39:29,206 - INFO - Partition 1 processing
2024-11-26 02:39:29,214 - INFO - reading batch[19] client 2
2024-11-26 02:39:29,244 - INFO - Partition 3 processing
2024-11-26 02:39:29,245 - INFO - reading batch[19] client 3
2024-11-26 02:39:29,266 - INFO - Partition 1 processing
2024-11-26 02:39:29,279 - INFO - reading batch[19] client 4
2024-11-26 02:39:29,291 - INFO - Final partition
2024-11-26 02:39:29,291 - INFO - Final partition processing
2024-11-26 02:39:29,291 - INFO - Loss: 2.3130955696105957
2024-11-26 02:39:29,291 - INFO - reading batch[20] client 1
2024-11-26 02:39:29,324 - INFO - Partition 2 processing
2024-11-26 02:39:29,324 - INFO - reading batch[20] client 2
2024-11-26 02:39:29,360 - INFO - Partition 1 processing
2024-11-26 02:39:29,376 - INFO - reading batch[20] client 3
2024-11-26 02:39:29,396 - INFO - Final partition
2024-11-26 02:39:29,396 - INFO - Final partition processing
2024-11-26 02:39:29,396 - INFO - Loss: 2.3012664318084717
2024-11-26 02:39:29,396 - INFO - reading batch[20] client 4
2024-11-26 02:39:29,416 - INFO - Partition 1 processing
2024-11-26 02:39:29,427 - INFO - reading batch[21] client 1
2024-11-26 02:39:29,446 - INFO - Partition 1 processing
2024-11-26 02:39:29,456 - INFO - reading batch[21] client 2
2024-11-26 02:39:29,474 - INFO - Final partition
2024-11-26 02:39:29,474 - INFO - Final partition processing
2024-11-26 02:39:29,474 - INFO - Loss: 2.305636167526245
2024-11-26 02:39:29,474 - INFO - reading batch[21] client 3
2024-11-26 02:39:29,499 - INFO - Partition 1 processing
2024-11-26 02:39:29,510 - INFO - reading batch[21] client 4
2024-11-26 02:39:29,523 - INFO - Partition 1 processing
2024-11-26 02:39:29,540 - INFO - reading batch[22] client 1
2024-11-26 02:39:29,555 - INFO - Partition 2 processing
2024-11-26 02:39:29,563 - INFO - reading batch[22] client 2
2024-11-26 02:39:29,588 - INFO - Partition 1 processing
2024-11-26 02:39:29,591 - INFO - reading batch[22] client 3
2024-11-26 02:39:29,625 - INFO - Partition 4 processing
2024-11-26 02:39:29,625 - INFO - reading batch[22] client 4
2024-11-26 02:39:29,648 - INFO - Partition 1 processing
2024-11-26 02:39:29,663 - INFO - reading batch[23] client 1
2024-11-26 02:39:29,722 - INFO - Partition 2 processing
2024-11-26 02:39:29,793 - INFO - reading batch[23] client 2
2024-11-26 02:39:29,822 - INFO - Partition 3 processing
2024-11-26 02:39:29,824 - INFO - reading batch[23] client 3
2024-11-26 02:39:29,844 - INFO - Partition 1 processing
2024-11-26 02:39:29,857 - INFO - reading batch[23] client 4
2024-11-26 02:39:29,874 - INFO - Partition 1 processing
2024-11-26 02:39:29,900 - INFO - reading batch[24] client 1
2024-11-26 02:39:29,929 - INFO - Partition 2 processing
2024-11-26 02:39:29,940 - INFO - reading batch[24] client 2
2024-11-26 02:39:29,965 - INFO - Partition 1 processing
2024-11-26 02:39:29,971 - INFO - reading batch[24] client 3
2024-11-26 02:39:30,013 - INFO - Partition 1 processing
2024-11-26 02:39:30,029 - INFO - reading batch[24] client 4
2024-11-26 02:39:30,054 - INFO - Partition 1 processing
2024-11-26 02:39:30,087 - INFO - reading batch[25] client 1
2024-11-26 02:39:30,129 - INFO - Partition 1 processing
2024-11-26 02:39:30,146 - INFO - reading batch[25] client 2
2024-11-26 02:39:30,167 - INFO - Partition 3 processing
2024-11-26 02:39:30,170 - INFO - reading batch[25] client 3
2024-11-26 02:39:30,190 - INFO - Partition 4 processing
2024-11-26 02:39:30,190 - INFO - reading batch[25] client 4
2024-11-26 02:39:30,214 - INFO - Partition 1 processing
2024-11-26 02:39:30,223 - INFO - reading batch[26] client 1
2024-11-26 02:39:30,240 - INFO - Partition 2 processing
2024-11-26 02:39:30,261 - INFO - reading batch[26] client 2
2024-11-26 02:39:30,280 - INFO - Partition 1 processing
2024-11-26 02:39:30,292 - INFO - reading batch[26] client 3
2024-11-26 02:39:30,322 - INFO - Partition 1 processing
2024-11-26 02:39:30,334 - INFO - reading batch[26] client 4
2024-11-26 02:39:30,357 - INFO - Partition 1 processing
2024-11-26 02:39:30,370 - INFO - reading batch[27] client 1
2024-11-26 02:39:30,390 - INFO - Final partition
2024-11-26 02:39:30,390 - INFO - Final partition processing
2024-11-26 02:39:30,390 - INFO - Loss: 2.3077552318573
2024-11-26 02:39:30,390 - INFO - reading batch[27] client 2
2024-11-26 02:39:30,413 - INFO - Partition 3 processing
2024-11-26 02:39:30,414 - INFO - reading batch[27] client 3
2024-11-26 02:39:30,439 - INFO - Partition 1 processing
2024-11-26 02:39:30,453 - INFO - reading batch[27] client 4
2024-11-26 02:39:30,473 - INFO - Partition 1 processing
2024-11-26 02:39:30,487 - INFO - reading batch[28] client 1
2024-11-26 02:39:30,514 - INFO - Partition 2 processing
2024-11-26 02:39:30,524 - INFO - reading batch[28] client 2
2024-11-26 02:39:30,549 - INFO - Partition 1 processing
2024-11-26 02:39:30,564 - INFO - reading batch[28] client 3
2024-11-26 02:39:30,592 - INFO - Partition 4 processing
2024-11-26 02:39:30,593 - INFO - reading batch[28] client 4
2024-11-26 02:39:30,616 - INFO - Partition 1 processing
2024-11-26 02:39:30,629 - INFO - reading batch[29] client 1
2024-11-26 02:39:30,652 - INFO - Partition 2 processing
2024-11-26 02:39:30,662 - INFO - reading batch[29] client 2
2024-11-26 02:39:30,691 - INFO - Partition 1 processing
2024-11-26 02:39:30,703 - INFO - reading batch[29] client 3
2024-11-26 02:39:30,726 - INFO - Partition 1 processing
2024-11-26 02:39:30,741 - INFO - reading batch[29] client 4
2024-11-26 02:39:30,762 - INFO - Partition 1 processing
2024-11-26 02:39:30,774 - INFO - reading batch[30] client 1
2024-11-26 02:39:30,794 - INFO - Partition 1 processing
2024-11-26 02:39:30,809 - INFO - reading batch[30] client 2
2024-11-26 02:39:30,828 - INFO - Partition 3 processing
2024-11-26 02:39:30,828 - INFO - reading batch[30] client 3
2024-11-26 02:39:30,846 - INFO - Partition 1 processing
2024-11-26 02:39:30,858 - INFO - reading batch[30] client 4
2024-11-26 02:39:30,888 - INFO - Partition 1 processing
2024-11-26 02:39:30,903 - INFO - reading batch[31] client 1
2024-11-26 02:39:30,924 - INFO - Partition 2 processing
2024-11-26 02:39:30,928 - INFO - reading batch[31] client 2
2024-11-26 02:39:30,957 - INFO - Partition 1 processing
2024-11-26 02:39:30,971 - INFO - reading batch[31] client 3
2024-11-26 02:39:30,993 - INFO - Partition 1 processing
2024-11-26 02:39:31,007 - INFO - reading batch[31] client 4
2024-11-26 02:39:31,031 - INFO - Final partition
2024-11-26 02:39:31,031 - INFO - Final partition processing
2024-11-26 02:39:31,031 - INFO - Loss: 2.313476085662842
2024-11-26 02:39:31,031 - INFO - reading batch[32] client 1
2024-11-26 02:39:31,054 - INFO - Partition 2 processing
2024-11-26 02:39:31,062 - INFO - reading batch[32] client 2
2024-11-26 02:39:31,072 - INFO - Partition 3 processing
2024-11-26 02:39:31,072 - INFO - reading batch[32] client 3
2024-11-26 02:39:31,110 - INFO - Partition 1 processing
2024-11-26 02:39:31,124 - INFO - reading batch[32] client 4
2024-11-26 02:39:31,143 - INFO - Partition 1 processing
2024-11-26 02:39:31,156 - INFO - reading batch[33] client 1
2024-11-26 02:39:31,175 - INFO - Partition 1 processing
2024-11-26 02:39:31,184 - INFO - reading batch[33] client 2
2024-11-26 02:39:31,206 - INFO - Partition 1 processing
2024-11-26 02:39:31,219 - INFO - reading batch[33] client 3
2024-11-26 02:39:31,241 - INFO - Partition 4 processing
2024-11-26 02:39:31,241 - INFO - reading batch[33] client 4
2024-11-26 02:39:31,261 - INFO - Partition 1 processing
2024-11-26 02:39:31,273 - INFO - reading batch[34] client 1
2024-11-26 02:39:31,285 - INFO - Partition 2 processing
2024-11-26 02:39:31,302 - INFO - reading batch[34] client 2
2024-11-26 02:39:31,319 - INFO - Partition 1 processing
2024-11-26 02:39:31,336 - INFO - reading batch[34] client 3
2024-11-26 02:39:31,373 - INFO - Partition 1 processing
2024-11-26 02:39:31,385 - INFO - reading batch[34] client 4
2024-11-26 02:39:31,405 - INFO - Partition 1 processing
2024-11-26 02:39:31,419 - INFO - reading batch[35] client 1
2024-11-26 02:39:31,441 - INFO - Partition 2 processing
2024-11-26 02:39:31,445 - INFO - reading batch[35] client 2
2024-11-26 02:39:31,452 - INFO - Partition 3 processing
2024-11-26 02:39:31,452 - INFO - reading batch[35] client 3
2024-11-26 02:39:31,469 - INFO - Partition 1 processing
2024-11-26 02:39:31,491 - INFO - reading batch[35] client 4
2024-11-26 02:39:31,502 - INFO - Partition 1 processing
2024-11-26 02:39:31,519 - INFO - reading batch[36] client 1
2024-11-26 02:39:31,535 - INFO - Partition 2 processing
2024-11-26 02:39:31,550 - INFO - reading batch[36] client 2
2024-11-26 02:39:31,552 - INFO - Partition 1 processing
2024-11-26 02:39:31,576 - INFO - reading batch[36] client 3
2024-11-26 02:39:31,590 - INFO - Partition 4 processing
2024-11-26 02:39:31,590 - INFO - reading batch[36] client 4
2024-11-26 02:39:31,619 - INFO - Partition 1 processing
2024-11-26 02:39:31,630 - INFO - reading batch[37] client 1
2024-11-26 02:39:31,656 - INFO - Partition 1 processing
2024-11-26 02:39:31,668 - INFO - reading batch[37] client 2
2024-11-26 02:39:31,690 - INFO - Partition 1 processing
2024-11-26 02:39:31,703 - INFO - reading batch[37] client 3
2024-11-26 02:39:31,722 - INFO - Final partition
2024-11-26 02:39:31,722 - INFO - Final partition processing
2024-11-26 02:39:31,722 - INFO - Loss: 2.3186728954315186
2024-11-26 02:39:31,723 - INFO - reading batch[37] client 4
2024-11-26 02:39:31,743 - INFO - Partition 1 processing
2024-11-26 02:39:31,756 - INFO - reading batch[38] client 1
2024-11-26 02:39:31,776 - INFO - Partition 2 processing
2024-11-26 02:39:31,785 - INFO - reading batch[38] client 2
2024-11-26 02:39:31,805 - INFO - Partition 3 processing
2024-11-26 02:39:31,807 - INFO - reading batch[38] client 3
2024-11-26 02:39:31,827 - INFO - Partition 1 processing
2024-11-26 02:39:31,835 - INFO - reading batch[38] client 4
2024-11-26 02:39:31,852 - INFO - Partition 1 processing
2024-11-26 02:39:31,868 - INFO - reading batch[39] client 1
2024-11-26 02:39:31,885 - INFO - Partition 2 processing
2024-11-26 02:39:31,902 - INFO - reading batch[39] client 2
2024-11-26 02:39:31,918 - INFO - Partition 1 processing
2024-11-26 02:39:31,935 - INFO - reading batch[39] client 3
2024-11-26 02:39:31,974 - INFO - Partition 1 processing
2024-11-26 02:39:31,985 - INFO - reading batch[39] client 4
2024-11-26 02:39:32,012 - INFO - Partition 1 processing
2024-11-26 02:39:32,027 - INFO - reading batch[40] client 1
2024-11-26 02:39:32,047 - INFO - Partition 1 processing
2024-11-26 02:39:32,052 - INFO - reading batch[40] client 2
2024-11-26 02:39:32,090 - INFO - Final partition
2024-11-26 02:39:32,090 - INFO - Final partition processing
2024-11-26 02:39:32,090 - INFO - Loss: 2.302077054977417
2024-11-26 02:39:32,091 - INFO - reading batch[40] client 3
2024-11-26 02:39:32,108 - INFO - Partition 4 processing
2024-11-26 02:39:32,109 - INFO - reading batch[40] client 4
2024-11-26 02:39:32,128 - INFO - Final partition
2024-11-26 02:39:32,128 - INFO - Final partition processing
2024-11-26 02:39:32,128 - INFO - Loss: 2.299375295639038
2024-11-26 02:39:32,128 - INFO - reading batch[41] client 1
2024-11-26 02:39:32,146 - INFO - Partition 2 processing
2024-11-26 02:39:32,157 - INFO - reading batch[41] client 2
2024-11-26 02:39:32,168 - INFO - Partition 3 processing
2024-11-26 02:39:32,168 - INFO - reading batch[41] client 3
2024-11-26 02:39:32,189 - INFO - Partition 1 processing
2024-11-26 02:39:32,212 - INFO - reading batch[41] client 4
2024-11-26 02:39:32,229 - INFO - Partition 1 processing
2024-11-26 02:39:32,235 - INFO - reading batch[42] client 1
2024-11-26 02:39:32,251 - INFO - Partition 2 processing
2024-11-26 02:39:32,268 - INFO - reading batch[42] client 2
2024-11-26 02:39:32,289 - INFO - Partition 1 processing
2024-11-26 02:39:32,294 - INFO - reading batch[42] client 3
2024-11-26 02:39:32,318 - INFO - Partition 1 processing
2024-11-26 02:39:32,335 - INFO - reading batch[42] client 4
2024-11-26 02:39:32,364 - INFO - Partition 1 processing
2024-11-26 02:39:32,385 - INFO - reading batch[43] client 1
2024-11-26 02:39:32,414 - INFO - Partition 2 processing
2024-11-26 02:39:32,418 - INFO - reading batch[43] client 2
2024-11-26 02:39:32,435 - INFO - Partition 3 processing
2024-11-26 02:39:32,435 - INFO - reading batch[43] client 3
2024-11-26 02:39:32,551 - INFO - Partition 1 processing
2024-11-26 02:39:32,604 - INFO - reading batch[43] client 4
2024-11-26 02:39:32,627 - INFO - Partition 1 processing
2024-11-26 02:39:32,641 - INFO - reading batch[44] client 1
2024-11-26 02:39:32,659 - INFO - Partition 1 processing
2024-11-26 02:39:32,670 - INFO - reading batch[44] client 2
2024-11-26 02:39:32,687 - INFO - Partition 1 processing
2024-11-26 02:39:32,693 - INFO - reading batch[44] client 3
2024-11-26 02:39:32,723 - INFO - Partition 4 processing
2024-11-26 02:39:32,724 - INFO - reading batch[44] client 4
2024-11-26 02:39:32,743 - INFO - Partition 1 processing
2024-11-26 02:39:32,753 - INFO - reading batch[45] client 1
2024-11-26 02:39:32,770 - INFO - Partition 2 processing
2024-11-26 02:39:32,789 - INFO - reading batch[45] client 2
2024-11-26 02:39:32,804 - INFO - Partition 1 processing
2024-11-26 02:39:32,821 - INFO - reading batch[45] client 3
2024-11-26 02:39:32,847 - INFO - Partition 1 processing
2024-11-26 02:39:32,860 - INFO - reading batch[45] client 4
2024-11-26 02:39:32,877 - INFO - Partition 1 processing
2024-11-26 02:39:32,888 - INFO - reading batch[46] client 1
2024-11-26 02:39:32,903 - INFO - Partition 2 processing
2024-11-26 02:39:32,920 - INFO - reading batch[46] client 2
2024-11-26 02:39:32,943 - INFO - Partition 3 processing
2024-11-26 02:39:32,945 - INFO - reading batch[46] client 3
2024-11-26 02:39:32,960 - INFO - Partition 1 processing
2024-11-26 02:39:32,983 - INFO - reading batch[46] client 4
2024-11-26 02:39:33,010 - INFO - Partition 1 processing
2024-11-26 02:39:33,024 - INFO - reading batch[47] client 1
2024-11-26 02:39:33,042 - INFO - Partition 1 processing
2024-11-26 02:39:33,053 - INFO - reading batch[47] client 2
2024-11-26 02:39:33,070 - INFO - Partition 1 processing
2024-11-26 02:39:33,097 - INFO - reading batch[47] client 3
2024-11-26 02:39:33,136 - INFO - Partition 4 processing
2024-11-26 02:39:33,137 - INFO - reading batch[47] client 4
2024-11-26 02:39:33,158 - INFO - Partition 1 processing
2024-11-26 02:39:33,188 - INFO - reading batch[48] client 1
2024-11-26 02:39:33,206 - INFO - Partition 2 processing
2024-11-26 02:39:33,222 - INFO - reading batch[48] client 2
2024-11-26 02:39:33,250 - INFO - Partition 1 processing
2024-11-26 02:39:33,271 - INFO - reading batch[48] client 3
2024-11-26 02:39:33,277 - INFO - Partition 1 processing
2024-11-26 02:39:33,300 - INFO - reading batch[48] client 4
2024-11-26 02:39:33,334 - INFO - Partition 1 processing
2024-11-26 02:39:33,381 - INFO - reading batch[49] client 1
2024-11-26 02:39:33,432 - INFO - Partition 2 processing
2024-11-26 02:39:33,471 - INFO - reading batch[49] client 2
2024-11-26 02:39:33,503 - INFO - Partition 3 processing
2024-11-26 02:39:33,503 - INFO - reading batch[49] client 3
2024-11-26 02:39:33,543 - INFO - Final partition
2024-11-26 02:39:33,544 - INFO - Final partition processing
2024-11-26 02:39:33,544 - INFO - Loss: 2.3123602867126465
2024-11-26 02:39:33,544 - INFO - reading batch[49] client 4
2024-11-26 02:39:33,580 - INFO - Partition 1 processing
2024-11-26 02:39:33,597 - INFO - reading batch[50] client 1
2024-11-26 02:39:33,626 - INFO - Partition 2 processing
2024-11-26 02:39:33,638 - INFO - reading batch[50] client 2
2024-11-26 02:39:33,660 - INFO - Partition 1 processing
2024-11-26 02:39:33,739 - INFO - reading batch[50] client 3
2024-11-26 02:39:33,871 - INFO - Partition 1 processing
2024-11-26 02:39:33,907 - INFO - reading batch[50] client 4
2024-11-26 02:39:33,932 - INFO - Partition 1 processing
2024-11-26 02:39:33,942 - INFO - reading batch[51] client 1
2024-11-26 02:39:33,970 - INFO - Partition 1 processing
2024-11-26 02:39:33,985 - INFO - reading batch[51] client 2
2024-11-26 02:39:34,013 - INFO - Partition 3 processing
2024-11-26 02:39:34,013 - INFO - reading batch[51] client 3
2024-11-26 02:39:34,045 - INFO - Partition 1 processing
2024-11-26 02:39:34,062 - INFO - reading batch[51] client 4
2024-11-26 02:39:34,094 - INFO - Partition 1 processing
2024-11-26 02:39:34,114 - INFO - reading batch[52] client 1
2024-11-26 02:39:34,147 - INFO - Partition 2 processing
2024-11-26 02:39:34,156 - INFO - reading batch[52] client 2
2024-11-26 02:39:34,187 - INFO - Partition 1 processing
2024-11-26 02:39:34,201 - INFO - reading batch[52] client 3
2024-11-26 02:39:34,223 - INFO - Partition 4 processing
2024-11-26 02:39:34,224 - INFO - reading batch[52] client 4
2024-11-26 02:39:34,244 - INFO - Final partition
2024-11-26 02:39:34,244 - INFO - Final partition processing
2024-11-26 02:39:34,244 - INFO - Loss: 2.307417869567871
2024-11-26 02:39:34,244 - INFO - reading batch[53] client 1
2024-11-26 02:39:34,268 - INFO - Partition 2 processing
2024-11-26 02:39:34,278 - INFO - reading batch[53] client 2
2024-11-26 02:39:34,310 - INFO - Partition 1 processing
2024-11-26 02:39:34,325 - INFO - reading batch[53] client 3
2024-11-26 02:39:34,342 - INFO - Partition 1 processing
2024-11-26 02:39:34,352 - INFO - reading batch[53] client 4
2024-11-26 02:39:34,368 - INFO - Partition 1 processing
2024-11-26 02:39:34,387 - INFO - reading batch[54] client 1
2024-11-26 02:39:34,402 - INFO - Partition 1 processing
2024-11-26 02:39:34,418 - INFO - reading batch[54] client 2
2024-11-26 02:39:34,433 - INFO - Partition 3 processing
2024-11-26 02:39:34,437 - INFO - reading batch[54] client 3
2024-11-26 02:39:34,464 - INFO - Partition 1 processing
2024-11-26 02:39:34,481 - INFO - reading batch[54] client 4
2024-11-26 02:39:34,502 - INFO - Partition 1 processing
2024-11-26 02:39:34,508 - INFO - reading batch[55] client 1
2024-11-26 02:39:34,536 - INFO - Partition 2 processing
2024-11-26 02:39:34,540 - INFO - reading batch[55] client 2
2024-11-26 02:39:34,551 - INFO - Partition 1 processing
2024-11-26 02:39:34,568 - INFO - reading batch[55] client 3
2024-11-26 02:39:34,585 - INFO - Partition 1 processing
2024-11-26 02:39:34,601 - INFO - reading batch[55] client 4
2024-11-26 02:39:34,637 - INFO - Partition 1 processing
2024-11-26 02:39:34,650 - INFO - reading batch[56] client 1
2024-11-26 02:39:34,674 - INFO - Partition 2 processing
2024-11-26 02:39:34,677 - INFO - reading batch[56] client 2
2024-11-26 02:39:34,688 - INFO - Partition 3 processing
2024-11-26 02:39:34,702 - INFO - reading batch[56] client 3
2024-11-26 02:39:34,724 - INFO - Partition 4 processing
2024-11-26 02:39:34,724 - INFO - reading batch[56] client 4
2024-11-26 02:39:34,743 - INFO - Partition 1 processing
2024-11-26 02:39:34,755 - INFO - reading batch[57] client 1
2024-11-26 02:39:34,768 - INFO - Partition 2 processing
2024-11-26 02:39:34,790 - INFO - reading batch[57] client 2
2024-11-26 02:39:34,812 - INFO - Partition 1 processing
2024-11-26 02:39:34,824 - INFO - reading batch[57] client 3
2024-11-26 02:39:34,842 - INFO - Partition 1 processing
2024-11-26 02:39:34,851 - INFO - reading batch[57] client 4
2024-11-26 02:39:34,868 - INFO - Partition 1 processing
2024-11-26 02:39:34,884 - INFO - reading batch[58] client 1
2024-11-26 02:39:34,901 - INFO - Partition 1 processing
2024-11-26 02:39:34,926 - INFO - reading batch[58] client 2
2024-11-26 02:39:34,957 - INFO - Partition 1 processing
2024-11-26 02:39:34,974 - INFO - reading batch[58] client 3
2024-11-26 02:39:34,992 - INFO - Partition 1 processing
2024-11-26 02:39:35,003 - INFO - reading batch[58] client 4
2024-11-26 02:39:35,018 - INFO - Partition 1 processing
2024-11-26 02:39:35,034 - INFO - reading batch[59] client 1
2024-11-26 02:39:35,051 - INFO - Partition 2 processing
2024-11-26 02:39:35,063 - INFO - reading batch[59] client 2
2024-11-26 02:39:35,087 - INFO - Partition 3 processing
2024-11-26 02:39:35,089 - INFO - reading batch[59] client 3
2024-11-26 02:39:35,109 - INFO - Partition 1 processing
2024-11-26 02:39:35,120 - INFO - reading batch[59] client 4
2024-11-26 02:39:35,150 - INFO - Partition 1 processing
2024-11-26 02:39:35,162 - INFO - reading batch[60] client 1
2024-11-26 02:39:35,183 - INFO - Partition 2 processing
2024-11-26 02:39:35,190 - INFO - reading batch[60] client 2
2024-11-26 02:39:35,208 - INFO - Partition 1 processing
2024-11-26 02:39:35,220 - INFO - reading batch[60] client 3
2024-11-26 02:39:35,238 - INFO - Partition 4 processing
2024-11-26 02:39:35,239 - INFO - reading batch[60] client 4
2024-11-26 02:39:35,260 - INFO - Partition 1 processing
2024-11-26 02:39:35,269 - INFO - reading batch[61] client 1
2024-11-26 02:39:35,286 - INFO - Partition 2 processing
2024-11-26 02:39:35,303 - INFO - reading batch[61] client 2
2024-11-26 02:39:35,338 - INFO - Partition 3 processing
2024-11-26 02:39:35,340 - INFO - reading batch[61] client 3
2024-11-26 02:39:35,366 - INFO - Partition 1 processing
2024-11-26 02:39:35,383 - INFO - reading batch[61] client 4
2024-11-26 02:39:35,405 - INFO - Partition 1 processing
2024-11-26 02:39:35,418 - INFO - reading batch[62] client 1
2024-11-26 02:39:35,439 - INFO - Partition 1 processing
2024-11-26 02:39:35,452 - INFO - reading batch[62] client 2
2024-11-26 02:39:35,481 - INFO - Partition 1 processing
2024-11-26 02:39:35,496 - INFO - reading batch[62] client 3
2024-11-26 02:39:35,520 - INFO - Partition 1 processing
2024-11-26 02:39:35,525 - INFO - reading batch[62] client 4
2024-11-26 02:39:35,548 - INFO - Partition 1 processing
2024-11-26 02:39:35,557 - INFO - reading batch[63] client 1
2024-11-26 02:39:35,584 - INFO - Partition 2 processing
2024-11-26 02:39:35,584 - INFO - reading batch[63] client 2
2024-11-26 02:39:35,605 - INFO - Partition 3 processing
2024-11-26 02:39:35,617 - INFO - reading batch[63] client 3
2024-11-26 02:39:35,640 - INFO - Partition 4 processing
2024-11-26 02:39:35,641 - INFO - reading batch[63] client 4
2024-11-26 02:39:35,678 - INFO - Partition 1 processing
2024-11-26 02:39:35,696 - INFO - reading batch[64] client 1
2024-11-26 02:39:35,720 - INFO - Partition 1 processing
2024-11-26 02:39:35,734 - INFO - reading batch[64] client 2
2024-11-26 02:39:35,755 - INFO - Partition 1 processing
2024-11-26 02:39:35,767 - INFO - reading batch[64] client 3
2024-11-26 02:39:35,783 - INFO - Partition 1 processing
2024-11-26 02:39:35,800 - INFO - reading batch[64] client 4
2024-11-26 02:39:35,824 - INFO - Partition 1 processing
2024-11-26 02:39:35,836 - INFO - reading batch[65] client 1
2024-11-26 02:39:35,858 - INFO - Partition 2 processing
2024-11-26 02:39:35,867 - INFO - reading batch[65] client 2
2024-11-26 02:39:35,887 - INFO - Partition 1 processing
2024-11-26 02:39:35,900 - INFO - reading batch[65] client 3
2024-11-26 02:39:35,923 - INFO - Partition 1 processing
2024-11-26 02:39:35,936 - INFO - reading batch[65] client 4
2024-11-26 02:39:35,977 - INFO - Partition 1 processing
2024-11-26 02:39:35,992 - INFO - reading batch[66] client 1
2024-11-26 02:39:36,017 - INFO - Partition 2 processing
2024-11-26 02:39:36,024 - INFO - reading batch[66] client 2
2024-11-26 02:39:36,052 - INFO - Partition 3 processing
2024-11-26 02:39:36,053 - INFO - reading batch[66] client 3
2024-11-26 02:39:36,075 - INFO - Partition 1 processing
2024-11-26 02:39:36,085 - INFO - reading batch[66] client 4
2024-11-26 02:39:36,129 - INFO - Partition 1 processing
2024-11-26 02:39:36,144 - INFO - reading batch[67] client 1
2024-11-26 02:39:36,165 - INFO - Partition 2 processing
2024-11-26 02:39:36,174 - INFO - reading batch[67] client 2
2024-11-26 02:39:36,185 - INFO - Partition 1 processing
2024-11-26 02:39:36,207 - INFO - reading batch[67] client 3
2024-11-26 02:39:36,231 - INFO - Partition 4 processing
2024-11-26 02:39:36,232 - INFO - reading batch[67] client 4
2024-11-26 02:39:36,258 - INFO - Partition 1 processing
2024-11-26 02:39:36,277 - INFO - reading batch[68] client 1
2024-11-26 02:39:36,301 - INFO - Partition 2 processing
2024-11-26 02:39:36,309 - INFO - reading batch[68] client 2
2024-11-26 02:39:36,335 - INFO - Partition 3 processing
2024-11-26 02:39:36,335 - INFO - reading batch[68] client 3
2024-11-26 02:39:36,367 - INFO - Partition 1 processing
2024-11-26 02:39:36,385 - INFO - reading batch[68] client 4
2024-11-26 02:39:36,409 - INFO - Partition 1 processing
2024-11-26 02:39:36,426 - INFO - reading batch[69] client 1
2024-11-26 02:39:36,440 - INFO - Partition 1 processing
2024-11-26 02:39:36,453 - INFO - reading batch[69] client 2
2024-11-26 02:39:36,467 - INFO - Partition 1 processing
2024-11-26 02:39:36,490 - INFO - reading batch[69] client 3
2024-11-26 02:39:36,502 - INFO - Partition 1 processing
2024-11-26 02:39:36,521 - INFO - reading batch[69] client 4
2024-11-26 02:39:36,554 - INFO - Final partition
2024-11-26 02:39:36,554 - INFO - Final partition processing
2024-11-26 02:39:36,555 - INFO - Loss: 2.303351640701294
2024-11-26 02:39:36,555 - INFO - reading batch[70] client 1
2024-11-26 02:39:36,577 - INFO - Partition 2 processing
2024-11-26 02:39:36,590 - INFO - reading batch[70] client 2
2024-11-26 02:39:36,618 - INFO - Partition 1 processing
2024-11-26 02:39:36,632 - INFO - reading batch[70] client 3
2024-11-26 02:39:36,655 - INFO - Partition 1 processing
2024-11-26 02:39:36,668 - INFO - reading batch[70] client 4
2024-11-26 02:39:36,688 - INFO - Partition 1 processing
2024-11-26 02:39:36,701 - INFO - reading batch[71] client 1
2024-11-26 02:39:36,717 - INFO - Partition 1 processing
2024-11-26 02:39:36,733 - INFO - reading batch[71] client 2
2024-11-26 02:39:36,763 - INFO - Partition 3 processing
2024-11-26 02:39:36,766 - INFO - reading batch[71] client 3
2024-11-26 02:39:36,791 - INFO - Partition 4 processing
2024-11-26 02:39:36,791 - INFO - reading batch[71] client 4
2024-11-26 02:39:36,809 - INFO - Partition 1 processing
2024-11-26 02:39:36,820 - INFO - reading batch[72] client 1
2024-11-26 02:39:36,850 - INFO - Partition 2 processing
2024-11-26 02:39:36,856 - INFO - reading batch[72] client 2
2024-11-26 02:39:36,866 - INFO - Partition 1 processing
2024-11-26 02:39:36,883 - INFO - reading batch[72] client 3
2024-11-26 02:39:36,899 - INFO - Partition 1 processing
2024-11-26 02:39:36,929 - INFO - reading batch[72] client 4
2024-11-26 02:39:36,957 - INFO - Partition 1 processing
2024-11-26 02:39:36,974 - INFO - reading batch[73] client 1
2024-11-26 02:39:36,992 - INFO - Partition 2 processing
2024-11-26 02:39:37,004 - INFO - reading batch[73] client 2
2024-11-26 02:39:37,035 - INFO - Partition 3 processing
2024-11-26 02:39:37,036 - INFO - reading batch[73] client 3
2024-11-26 02:39:37,098 - INFO - Partition 1 processing
2024-11-26 02:39:37,222 - INFO - reading batch[73] client 4
2024-11-26 02:39:37,275 - INFO - Partition 1 processing
2024-11-26 02:39:37,316 - INFO - reading batch[74] client 1
2024-11-26 02:39:37,349 - INFO - Partition 2 processing
2024-11-26 02:39:37,349 - INFO - reading batch[74] client 2
2024-11-26 02:39:37,399 - INFO - Partition 1 processing
2024-11-26 02:39:37,418 - INFO - reading batch[74] client 3
2024-11-26 02:39:37,439 - INFO - Partition 4 processing
2024-11-26 02:39:37,440 - INFO - reading batch[74] client 4
2024-11-26 02:39:37,467 - INFO - Partition 1 processing
2024-11-26 02:39:37,503 - INFO - reading batch[75] client 1
2024-11-26 02:39:37,525 - INFO - Partition 1 processing
2024-11-26 02:39:37,540 - INFO - reading batch[75] client 2
2024-11-26 02:39:37,570 - INFO - Partition 3 processing
2024-11-26 02:39:37,572 - INFO - reading batch[75] client 3
2024-11-26 02:39:37,590 - INFO - Partition 1 processing
2024-11-26 02:39:37,602 - INFO - reading batch[75] client 4
2024-11-26 02:39:37,636 - INFO - Partition 1 processing
2024-11-26 02:39:37,654 - INFO - reading batch[76] client 1
2024-11-26 02:39:37,679 - INFO - Partition 2 processing
2024-11-26 02:39:37,683 - INFO - reading batch[76] client 2
2024-11-26 02:39:37,698 - INFO - Partition 1 processing
2024-11-26 02:39:37,719 - INFO - reading batch[76] client 3
2024-11-26 02:39:37,748 - INFO - Final partition
2024-11-26 02:39:37,748 - INFO - Final partition processing
2024-11-26 02:39:37,750 - INFO - Loss: 2.299818754196167
2024-11-26 02:39:37,750 - INFO - reading batch[76] client 4
2024-11-26 02:39:37,771 - INFO - Partition 1 processing
2024-11-26 02:39:37,790 - INFO - reading batch[77] client 1
2024-11-26 02:39:37,815 - INFO - Partition 2 processing
2024-11-26 02:39:37,830 - INFO - reading batch[77] client 2
2024-11-26 02:39:37,850 - INFO - Partition 1 processing
2024-11-26 02:39:37,865 - INFO - reading batch[77] client 3
2024-11-26 02:39:37,883 - INFO - Partition 1 processing
2024-11-26 02:39:37,901 - INFO - reading batch[77] client 4
2024-11-26 02:39:37,922 - INFO - Partition 1 processing
2024-11-26 02:39:37,939 - INFO - reading batch[78] client 1
2024-11-26 02:39:37,961 - INFO - Partition 1 processing
2024-11-26 02:39:37,965 - INFO - reading batch[78] client 2
2024-11-26 02:39:37,982 - INFO - Final partition
2024-11-26 02:39:37,982 - INFO - Final partition processing
2024-11-26 02:39:37,982 - INFO - Loss: 2.3035356998443604
2024-11-26 02:39:37,995 - INFO - reading batch[78] client 3
2024-11-26 02:39:38,023 - INFO - Partition 1 processing
2024-11-26 02:39:38,038 - INFO - reading batch[78] client 4
2024-11-26 02:39:38,056 - INFO - Final partition
2024-11-26 02:39:38,056 - INFO - Final partition processing
2024-11-26 02:39:38,056 - INFO - Loss: 2.3037397861480713
2024-11-26 02:39:38,056 - INFO - reading batch[79] client 1
2024-11-26 02:39:38,079 - INFO - Partition 2 processing
2024-11-26 02:39:38,082 - INFO - reading batch[79] client 2
2024-11-26 02:39:38,098 - INFO - Partition 3 processing
2024-11-26 02:39:38,115 - INFO - reading batch[79] client 3
2024-11-26 02:39:38,130 - INFO - Partition 4 processing
2024-11-26 02:39:38,132 - INFO - reading batch[79] client 4
2024-11-26 02:39:38,146 - INFO - Partition 1 processing
2024-11-26 02:39:38,157 - INFO - reading batch[80] client 1
2024-11-26 02:39:38,185 - INFO - Partition 2 processing
2024-11-26 02:39:38,192 - INFO - reading batch[80] client 2
2024-11-26 02:39:38,200 - INFO - Partition 1 processing
2024-11-26 02:39:38,218 - INFO - reading batch[80] client 3
2024-11-26 02:39:38,249 - INFO - Partition 1 processing
2024-11-26 02:39:38,254 - INFO - reading batch[80] client 4
2024-11-26 02:39:38,283 - INFO - Partition 1 processing
2024-11-26 02:39:38,296 - INFO - reading batch[81] client 1
2024-11-26 02:39:38,304 - INFO - Partition 1 processing
2024-11-26 02:39:38,322 - INFO - reading batch[81] client 2
2024-11-26 02:39:38,331 - INFO - Partition 3 processing
2024-11-26 02:39:38,331 - INFO - reading batch[81] client 3
2024-11-26 02:39:38,368 - INFO - Partition 1 processing
2024-11-26 02:39:38,391 - INFO - reading batch[81] client 4
2024-11-26 02:39:38,435 - INFO - Partition 1 processing
2024-11-26 02:39:38,466 - INFO - reading batch[82] client 1
2024-11-26 02:39:38,498 - INFO - Partition 2 processing
2024-11-26 02:39:38,499 - INFO - reading batch[82] client 2
2024-11-26 02:39:38,534 - INFO - Partition 1 processing
2024-11-26 02:39:38,553 - INFO - reading batch[82] client 3
2024-11-26 02:39:38,574 - INFO - Partition 4 processing
2024-11-26 02:39:38,574 - INFO - reading batch[82] client 4
2024-11-26 02:39:38,602 - INFO - Partition 1 processing
2024-11-26 02:39:38,620 - INFO - reading batch[83] client 1
2024-11-26 02:39:38,638 - INFO - Partition 2 processing
2024-11-26 02:39:38,649 - INFO - reading batch[83] client 2
2024-11-26 02:39:38,665 - INFO - Partition 1 processing
2024-11-26 02:39:38,685 - INFO - reading batch[83] client 3
2024-11-26 02:39:38,723 - INFO - Partition 1 processing
2024-11-26 02:39:38,753 - INFO - reading batch[83] client 4
2024-11-26 02:39:38,781 - INFO - Partition 1 processing
2024-11-26 02:39:38,803 - INFO - reading batch[84] client 1
2024-11-26 02:39:38,820 - INFO - Partition 1 processing
2024-11-26 02:39:38,833 - INFO - reading batch[84] client 2
2024-11-26 02:39:38,870 - INFO - Partition 3 processing
2024-11-26 02:39:38,871 - INFO - reading batch[84] client 3
2024-11-26 02:39:38,932 - INFO - Partition 1 processing
2024-11-26 02:39:39,074 - INFO - reading batch[84] client 4
2024-11-26 02:39:39,099 - INFO - Partition 1 processing
2024-11-26 02:39:39,122 - INFO - reading batch[85] client 1
2024-11-26 02:39:39,137 - INFO - Partition 2 processing
2024-11-26 02:39:39,153 - INFO - reading batch[85] client 2
2024-11-26 02:39:39,180 - INFO - Partition 1 processing
2024-11-26 02:39:39,197 - INFO - reading batch[85] client 3
2024-11-26 02:39:39,219 - INFO - Partition 1 processing
2024-11-26 02:39:39,230 - INFO - reading batch[85] client 4
2024-11-26 02:39:39,267 - INFO - Partition 1 processing
2024-11-26 02:39:39,285 - INFO - reading batch[86] client 1
2024-11-26 02:39:39,317 - INFO - Partition 2 processing
2024-11-26 02:39:39,333 - INFO - reading batch[86] client 2
2024-11-26 02:39:39,363 - INFO - Partition 3 processing
2024-11-26 02:39:39,364 - INFO - reading batch[86] client 3
2024-11-26 02:39:39,385 - INFO - Partition 4 processing
2024-11-26 02:39:39,386 - INFO - reading batch[86] client 4
2024-11-26 02:39:39,414 - INFO - Partition 1 processing
2024-11-26 02:39:39,432 - INFO - reading batch[87] client 1
2024-11-26 02:39:39,455 - INFO - Partition 2 processing
2024-11-26 02:39:39,475 - INFO - reading batch[87] client 2
2024-11-26 02:39:39,497 - INFO - Partition 1 processing
2024-11-26 02:39:39,513 - INFO - reading batch[87] client 3
2024-11-26 02:39:39,529 - INFO - Partition 1 processing
2024-11-26 02:39:39,537 - INFO - reading batch[87] client 4
2024-11-26 02:39:39,566 - INFO - Partition 1 processing
2024-11-26 02:39:39,581 - INFO - reading batch[88] client 1
2024-11-26 02:39:39,638 - INFO - Partition 2 processing
2024-11-26 02:39:39,653 - INFO - reading batch[88] client 2
2024-11-26 02:39:39,680 - INFO - Partition 3 processing
2024-11-26 02:39:39,680 - INFO - reading batch[88] client 3
2024-11-26 02:39:39,712 - INFO - Final partition
2024-11-26 02:39:39,713 - INFO - Final partition processing
2024-11-26 02:39:39,714 - INFO - Loss: 2.308682918548584
2024-11-26 02:39:39,714 - INFO - reading batch[88] client 4
2024-11-26 02:39:39,736 - INFO - Partition 1 processing
2024-11-26 02:39:39,746 - INFO - reading batch[89] client 1
2024-11-26 02:39:39,780 - INFO - Partition 1 processing
2024-11-26 02:39:39,797 - INFO - reading batch[89] client 2
2024-11-26 02:39:39,819 - INFO - Partition 1 processing
2024-11-26 02:39:39,834 - INFO - reading batch[89] client 3
2024-11-26 02:39:39,866 - INFO - Partition 1 processing
2024-11-26 02:39:39,884 - INFO - reading batch[89] client 4
2024-11-26 02:39:39,913 - INFO - Partition 1 processing
2024-11-26 02:39:39,933 - INFO - reading batch[90] client 1
2024-11-26 02:39:39,959 - INFO - Partition 2 processing
2024-11-26 02:39:39,970 - INFO - reading batch[90] client 2
2024-11-26 02:39:39,996 - INFO - Partition 1 processing
2024-11-26 02:39:40,010 - INFO - reading batch[90] client 3
2024-11-26 02:39:40,035 - INFO - Partition 4 processing
2024-11-26 02:39:40,036 - INFO - reading batch[90] client 4
2024-11-26 02:39:40,065 - INFO - Final partition
2024-11-26 02:39:40,065 - INFO - Final partition processing
2024-11-26 02:39:40,065 - INFO - Loss: 2.309842109680176
2024-11-26 02:39:40,065 - INFO - reading batch[91] client 1
2024-11-26 02:39:40,092 - INFO - Partition 1 processing
2024-11-26 02:39:40,120 - INFO - reading batch[91] client 2
2024-11-26 02:39:40,153 - INFO - Partition 3 processing
2024-11-26 02:39:40,155 - INFO - reading batch[91] client 3
2024-11-26 02:39:40,184 - INFO - Partition 1 processing
2024-11-26 02:39:40,203 - INFO - reading batch[91] client 4
2024-11-26 02:39:40,234 - INFO - Partition 1 processing
2024-11-26 02:39:40,248 - INFO - reading batch[92] client 1
2024-11-26 02:39:40,269 - INFO - Partition 2 processing
2024-11-26 02:39:40,274 - INFO - reading batch[92] client 2
2024-11-26 02:39:40,296 - INFO - Partition 1 processing
2024-11-26 02:39:40,312 - INFO - reading batch[92] client 3
2024-11-26 02:39:40,329 - INFO - Partition 1 processing
2024-11-26 02:39:40,336 - INFO - reading batch[92] client 4
2024-11-26 02:39:40,365 - INFO - Partition 1 processing
2024-11-26 02:39:40,382 - INFO - reading batch[93] client 1
2024-11-26 02:39:40,405 - INFO - Partition 2 processing
2024-11-26 02:39:40,417 - INFO - reading batch[93] client 2
2024-11-26 02:39:40,446 - INFO - Partition 3 processing
2024-11-26 02:39:40,448 - INFO - reading batch[93] client 3
2024-11-26 02:39:40,479 - INFO - Partition 4 processing
2024-11-26 02:39:40,481 - INFO - reading batch[93] client 4
2024-11-26 02:39:40,498 - INFO - Partition 1 processing
2024-11-26 02:39:40,513 - INFO - reading batch[94] client 1
2024-11-26 02:39:40,531 - INFO - Partition 2 processing
2024-11-26 02:39:40,536 - INFO - reading batch[94] client 2
2024-11-26 02:39:40,546 - INFO - Partition 1 processing
2024-11-26 02:39:40,589 - INFO - reading batch[94] client 3
2024-11-26 02:39:40,614 - INFO - Partition 1 processing
2024-11-26 02:39:40,634 - INFO - reading batch[94] client 4
2024-11-26 02:39:40,652 - INFO - Partition 1 processing
2024-11-26 02:39:40,662 - INFO - reading batch[95] client 1
2024-11-26 02:39:40,699 - INFO - Partition 1 processing
2024-11-26 02:39:40,715 - INFO - reading batch[95] client 2
2024-11-26 02:39:40,744 - INFO - Partition 1 processing
2024-11-26 02:39:40,780 - INFO - reading batch[95] client 3
2024-11-26 02:39:40,806 - INFO - Partition 1 processing
2024-11-26 02:39:40,826 - INFO - reading batch[95] client 4
2024-11-26 02:39:40,853 - INFO - Partition 1 processing
2024-11-26 02:39:40,868 - INFO - reading batch[96] client 1
2024-11-26 02:39:40,879 - INFO - Partition 2 processing
2024-11-26 02:39:40,904 - INFO - reading batch[96] client 2
2024-11-26 02:39:41,006 - INFO - Partition 3 processing
2024-11-26 02:39:41,041 - INFO - reading batch[96] client 3
2024-11-26 02:39:41,095 - INFO - Partition 1 processing
2024-11-26 02:39:41,118 - INFO - reading batch[96] client 4
2024-11-26 02:39:41,152 - INFO - Partition 1 processing
2024-11-26 02:39:41,169 - INFO - reading batch[97] client 1
2024-11-26 02:39:41,187 - INFO - Partition 2 processing
2024-11-26 02:39:41,195 - INFO - reading batch[97] client 2
2024-11-26 02:39:41,212 - INFO - Partition 1 processing
2024-11-26 02:39:41,240 - INFO - reading batch[97] client 3
2024-11-26 02:39:41,262 - INFO - Partition 4 processing
2024-11-26 02:39:41,262 - INFO - reading batch[97] client 4
2024-11-26 02:39:41,304 - INFO - Partition 1 processing
2024-11-26 02:39:41,333 - INFO - reading batch[98] client 1
2024-11-26 02:39:41,361 - INFO - Partition 1 processing
2024-11-26 02:39:41,376 - INFO - reading batch[98] client 2
2024-11-26 02:39:41,398 - INFO - Partition 3 processing
2024-11-26 02:39:41,401 - INFO - reading batch[98] client 3
2024-11-26 02:39:41,434 - INFO - Partition 1 processing
2024-11-26 02:39:41,451 - INFO - reading batch[98] client 4
2024-11-26 02:39:41,475 - INFO - Partition 1 processing
2024-11-26 02:39:41,494 - INFO - reading batch[99] client 1
2024-11-26 02:39:41,511 - INFO - Partition 2 processing
2024-11-26 02:39:41,519 - INFO - reading batch[99] client 2
2024-11-26 02:39:41,528 - INFO - Partition 1 processing
2024-11-26 02:39:41,550 - INFO - reading batch[99] client 3
2024-11-26 02:39:41,581 - INFO - Partition 1 processing
2024-11-26 02:39:41,618 - INFO - reading batch[99] client 4
2024-11-26 02:39:41,662 - INFO - Partition 1 processing
2024-11-26 02:39:41,679 - INFO - reading batch[100] client 1
2024-11-26 02:39:41,699 - INFO - Partition 2 processing
2024-11-26 02:39:41,709 - INFO - reading batch[100] client 2
2024-11-26 02:39:41,726 - INFO - Final partition
2024-11-26 02:39:41,727 - INFO - Final partition processing
2024-11-26 02:39:41,728 - INFO - Loss: 2.3151190280914307
2024-11-26 02:39:41,728 - INFO - reading batch[100] client 3
2024-11-26 02:39:41,758 - INFO - Partition 4 processing
2024-11-26 02:39:41,759 - INFO - reading batch[100] client 4
2024-11-26 02:39:41,779 - INFO - Partition 1 processing
2024-11-26 02:39:41,803 - INFO - reading batch[101] client 1
2024-11-26 02:39:41,818 - INFO - Partition 1 processing
2024-11-26 02:39:41,832 - INFO - reading batch[101] client 2
2024-11-26 02:39:41,845 - INFO - Partition 3 processing
2024-11-26 02:39:41,845 - INFO - reading batch[101] client 3
2024-11-26 02:39:41,885 - INFO - Partition 1 processing
2024-11-26 02:39:41,918 - INFO - reading batch[101] client 4
2024-11-26 02:39:41,955 - INFO - Partition 1 processing
2024-11-26 02:39:41,961 - INFO - reading batch[102] client 1
2024-11-26 02:39:41,995 - INFO - Partition 2 processing
2024-11-26 02:39:42,001 - INFO - reading batch[102] client 2
2024-11-26 02:39:42,030 - INFO - Partition 1 processing
2024-11-26 02:39:42,046 - INFO - reading batch[102] client 3
2024-11-26 02:39:42,072 - INFO - Partition 1 processing
2024-11-26 02:39:42,091 - INFO - reading batch[102] client 4
2024-11-26 02:39:42,115 - INFO - Final partition
2024-11-26 02:39:42,116 - INFO - Final partition processing
2024-11-26 02:39:42,116 - INFO - Loss: 2.302154064178467
2024-11-26 02:39:42,117 - INFO - reading batch[103] client 1
2024-11-26 02:39:42,135 - INFO - Partition 2 processing
2024-11-26 02:39:42,144 - INFO - reading batch[103] client 2
2024-11-26 02:39:42,167 - INFO - Partition 1 processing
2024-11-26 02:39:42,182 - INFO - reading batch[103] client 3
2024-11-26 02:39:42,201 - INFO - Partition 1 processing
2024-11-26 02:39:42,215 - INFO - reading batch[103] client 4
2024-11-26 02:39:42,236 - INFO - Partition 1 processing
2024-11-26 02:39:42,248 - INFO - reading batch[104] client 1
2024-11-26 02:39:42,262 - INFO - Partition 2 processing
2024-11-26 02:39:42,278 - INFO - reading batch[104] client 2
2024-11-26 02:39:42,301 - INFO - Partition 3 processing
2024-11-26 02:39:42,302 - INFO - reading batch[104] client 3
2024-11-26 02:39:42,331 - INFO - Partition 4 processing
2024-11-26 02:39:42,332 - INFO - reading batch[104] client 4
2024-11-26 02:39:42,345 - INFO - Partition 1 processing
2024-11-26 02:39:42,362 - INFO - reading batch[105] client 1
2024-11-26 02:39:42,402 - INFO - Partition 2 processing
2024-11-26 02:39:42,414 - INFO - reading batch[105] client 2
2024-11-26 02:39:42,433 - INFO - Partition 1 processing
2024-11-26 02:39:42,450 - INFO - reading batch[105] client 3
2024-11-26 02:39:42,467 - INFO - Partition 1 processing
2024-11-26 02:39:42,477 - INFO - reading batch[105] client 4
2024-11-26 02:39:42,494 - INFO - Partition 1 processing
2024-11-26 02:39:42,528 - INFO - reading batch[106] client 1
2024-11-26 02:39:42,554 - INFO - Partition 1 processing
2024-11-26 02:39:42,569 - INFO - reading batch[106] client 2
2024-11-26 02:39:42,596 - INFO - Partition 3 processing
2024-11-26 02:39:42,598 - INFO - reading batch[106] client 3
2024-11-26 02:39:42,622 - INFO - Partition 1 processing
2024-11-26 02:39:42,642 - INFO - reading batch[106] client 4
2024-11-26 02:39:42,665 - INFO - Partition 1 processing
2024-11-26 02:39:42,680 - INFO - reading batch[107] client 1
2024-11-26 02:39:42,709 - INFO - Partition 2 processing
2024-11-26 02:39:42,712 - INFO - reading batch[107] client 2
2024-11-26 02:39:42,727 - INFO - Partition 1 processing
2024-11-26 02:39:42,744 - INFO - reading batch[107] client 3
2024-11-26 02:39:42,760 - INFO - Partition 4 processing
2024-11-26 02:39:42,760 - INFO - reading batch[107] client 4
2024-11-26 02:39:42,782 - INFO - Partition 1 processing
2024-11-26 02:39:42,795 - INFO - reading batch[108] client 1
2024-11-26 02:39:42,811 - INFO - Partition 2 processing
2024-11-26 02:39:42,827 - INFO - reading batch[108] client 2
2024-11-26 02:39:42,898 - INFO - Partition 3 processing
2024-11-26 02:39:42,946 - INFO - reading batch[108] client 3
2024-11-26 02:39:43,004 - INFO - Partition 1 processing
2024-11-26 02:39:43,009 - INFO - reading batch[108] client 4
2024-11-26 02:39:43,043 - INFO - Partition 1 processing
2024-11-26 02:39:43,058 - INFO - reading batch[109] client 1
2024-11-26 02:39:43,079 - INFO - Partition 1 processing
2024-11-26 02:39:43,096 - INFO - reading batch[109] client 2
2024-11-26 02:39:43,115 - INFO - Partition 1 processing
2024-11-26 02:39:43,126 - INFO - reading batch[109] client 3
2024-11-26 02:39:43,148 - INFO - Partition 1 processing
2024-11-26 02:39:43,163 - INFO - reading batch[109] client 4
2024-11-26 02:39:43,186 - INFO - Partition 1 processing
2024-11-26 02:39:43,205 - INFO - reading batch[110] client 1
2024-11-26 02:39:43,228 - INFO - Partition 2 processing
2024-11-26 02:39:43,243 - INFO - reading batch[110] client 2
2024-11-26 02:39:43,266 - INFO - Partition 1 processing
2024-11-26 02:39:43,281 - INFO - reading batch[110] client 3
2024-11-26 02:39:43,293 - INFO - Partition 4 processing
2024-11-26 02:39:43,293 - INFO - reading batch[110] client 4
2024-11-26 02:39:43,320 - INFO - Final partition
2024-11-26 02:39:43,321 - INFO - Final partition processing
2024-11-26 02:39:43,329 - INFO - Loss: 2.311863660812378
2024-11-26 02:39:43,330 - INFO - reading batch[111] client 1
2024-11-26 02:39:43,367 - INFO - Partition 2 processing
2024-11-26 02:39:43,378 - INFO - reading batch[111] client 2
2024-11-26 02:39:43,402 - INFO - Partition 3 processing
2024-11-26 02:39:43,402 - INFO - reading batch[111] client 3
2024-11-26 02:39:43,427 - INFO - Partition 1 processing
2024-11-26 02:39:43,441 - INFO - reading batch[111] client 4
2024-11-26 02:39:43,468 - INFO - Partition 1 processing
2024-11-26 02:39:43,482 - INFO - reading batch[112] client 1
2024-11-26 02:39:43,510 - INFO - Partition 1 processing
2024-11-26 02:39:43,522 - INFO - reading batch[112] client 2
2024-11-26 02:39:43,545 - INFO - Partition 1 processing
2024-11-26 02:39:43,550 - INFO - reading batch[112] client 3
2024-11-26 02:39:43,580 - INFO - Partition 1 processing
2024-11-26 02:39:43,583 - INFO - reading batch[112] client 4
2024-11-26 02:39:43,611 - INFO - Partition 1 processing
2024-11-26 02:39:43,627 - INFO - reading batch[113] client 1
2024-11-26 02:39:43,650 - INFO - Partition 2 processing
2024-11-26 02:39:43,660 - INFO - reading batch[113] client 2
2024-11-26 02:39:43,685 - INFO - Partition 1 processing
2024-11-26 02:39:43,698 - INFO - reading batch[113] client 3
2024-11-26 02:39:43,717 - INFO - Partition 1 processing
2024-11-26 02:39:43,731 - INFO - reading batch[113] client 4
2024-11-26 02:39:43,743 - INFO - Partition 1 processing
2024-11-26 02:39:43,759 - INFO - reading batch[114] client 1
2024-11-26 02:39:43,776 - INFO - Partition 2 processing
2024-11-26 02:39:43,793 - INFO - reading batch[114] client 2
2024-11-26 02:39:43,816 - INFO - Partition 3 processing
2024-11-26 02:39:43,818 - INFO - reading batch[114] client 3
2024-11-26 02:39:43,846 - INFO - Partition 1 processing
2024-11-26 02:39:43,862 - INFO - reading batch[114] client 4
2024-11-26 02:39:43,885 - INFO - Partition 1 processing
2024-11-26 02:39:43,894 - INFO - reading batch[115] client 1
2024-11-26 02:39:43,917 - INFO - Partition 2 processing
2024-11-26 02:39:43,928 - INFO - reading batch[115] client 2
2024-11-26 02:39:43,950 - INFO - Partition 1 processing
2024-11-26 02:39:43,964 - INFO - reading batch[115] client 3
2024-11-26 02:39:43,978 - INFO - Partition 4 processing
2024-11-26 02:39:43,978 - INFO - reading batch[115] client 4
2024-11-26 02:39:44,006 - INFO - Partition 1 processing
2024-11-26 02:39:44,026 - INFO - reading batch[116] client 1
2024-11-26 02:39:44,044 - INFO - Partition 1 processing
2024-11-26 02:39:44,057 - INFO - reading batch[116] client 2
2024-11-26 02:39:44,079 - INFO - Partition 3 processing
2024-11-26 02:39:44,081 - INFO - reading batch[116] client 3
2024-11-26 02:39:44,099 - INFO - Final partition
2024-11-26 02:39:44,100 - INFO - Final partition processing
2024-11-26 02:39:44,100 - INFO - Loss: 2.3014614582061768
2024-11-26 02:39:44,100 - INFO - reading batch[116] client 4
2024-11-26 02:39:44,128 - INFO - Partition 1 processing
2024-11-26 02:39:44,142 - INFO - reading batch[117] client 1
2024-11-26 02:39:44,164 - INFO - Partition 2 processing
2024-11-26 02:39:44,174 - INFO - reading batch[117] client 2
2024-11-26 02:39:44,200 - INFO - Partition 1 processing
2024-11-26 02:39:44,217 - INFO - reading batch[117] client 3
2024-11-26 02:39:44,233 - INFO - Partition 1 processing
2024-11-26 02:39:44,242 - INFO - reading batch[117] client 4
2024-11-26 02:39:44,259 - INFO - Partition 1 processing
2024-11-26 02:39:44,275 - INFO - reading batch[118] client 1
2024-11-26 02:39:44,294 - INFO - Partition 2 processing
2024-11-26 02:39:44,298 - INFO - reading batch[118] client 2
2024-11-26 02:39:44,309 - INFO - Partition 3 processing
2024-11-26 02:39:44,321 - INFO - reading batch[118] client 3
2024-11-26 02:39:44,327 - INFO - Partition 1 processing
2024-11-26 02:39:44,345 - INFO - reading batch[118] client 4
2024-11-26 02:39:44,359 - INFO - Final partition
2024-11-26 02:39:44,359 - INFO - Final partition processing
2024-11-26 02:39:44,359 - INFO - Loss: 2.3209290504455566
2024-11-26 02:39:44,371 - INFO - reading batch[119] client 1
2024-11-26 02:39:44,399 - INFO - Partition 1 processing
2024-11-26 02:39:44,419 - INFO - reading batch[119] client 2
2024-11-26 02:39:44,446 - INFO - Partition 1 processing
2024-11-26 02:39:44,460 - INFO - reading batch[119] client 3
2024-11-26 02:39:44,482 - INFO - Partition 4 processing
2024-11-26 02:39:44,482 - INFO - reading batch[119] client 4
2024-11-26 02:39:44,512 - INFO - Partition 1 processing
2024-11-26 02:39:44,527 - INFO - reading batch[120] client 1
2024-11-26 02:39:44,553 - INFO - Partition 2 processing
2024-11-26 02:39:44,563 - INFO - reading batch[120] client 2
2024-11-26 02:39:44,577 - INFO - Final partition
2024-11-26 02:39:44,577 - INFO - Final partition processing
2024-11-26 02:39:44,577 - INFO - Loss: 2.313002109527588
2024-11-26 02:39:44,589 - INFO - reading batch[120] client 3
2024-11-26 02:39:44,612 - INFO - Partition 1 processing
2024-11-26 02:39:44,627 - INFO - reading batch[120] client 4
2024-11-26 02:39:44,659 - INFO - Partition 1 processing
2024-11-26 02:39:44,675 - INFO - reading batch[121] client 1
2024-11-26 02:39:44,707 - INFO - Partition 2 processing
2024-11-26 02:39:44,722 - INFO - reading batch[121] client 2
2024-11-26 02:39:44,742 - INFO - Partition 3 processing
2024-11-26 02:39:44,742 - INFO - reading batch[121] client 3
2024-11-26 02:39:44,765 - INFO - Partition 1 processing
2024-11-26 02:39:44,776 - INFO - reading batch[121] client 4
2024-11-26 02:39:44,809 - INFO - Partition 1 processing
2024-11-26 02:39:44,814 - INFO - reading batch[122] client 1
2024-11-26 02:39:44,852 - INFO - Partition 2 processing
2024-11-26 02:39:44,917 - INFO - reading batch[122] client 2
2024-11-26 02:39:44,984 - INFO - Partition 1 processing
2024-11-26 02:39:45,024 - INFO - reading batch[122] client 3
2024-11-26 02:39:45,058 - INFO - Partition 1 processing
2024-11-26 02:39:45,086 - INFO - reading batch[122] client 4
2024-11-26 02:39:45,118 - INFO - Partition 1 processing
2024-11-26 02:39:45,125 - INFO - reading batch[123] client 1
2024-11-26 02:39:45,164 - INFO - Partition 1 processing
2024-11-26 02:39:45,177 - INFO - reading batch[123] client 2
2024-11-26 02:39:45,197 - INFO - Partition 1 processing
2024-11-26 02:39:45,208 - INFO - reading batch[123] client 3
2024-11-26 02:39:45,245 - INFO - Partition 4 processing
2024-11-26 02:39:45,245 - INFO - reading batch[123] client 4
2024-11-26 02:39:45,273 - INFO - Partition 1 processing
2024-11-26 02:39:45,290 - INFO - reading batch[124] client 1
2024-11-26 02:39:45,316 - INFO - Partition 2 processing
2024-11-26 02:39:45,328 - INFO - reading batch[124] client 2
2024-11-26 02:39:45,341 - INFO - Partition 3 processing
2024-11-26 02:39:45,350 - INFO - reading batch[124] client 3
2024-11-26 02:39:45,381 - INFO - Partition 1 processing
2024-11-26 02:39:45,396 - INFO - reading batch[124] client 4
2024-11-26 02:39:45,417 - INFO - Partition 1 processing
2024-11-26 02:39:45,433 - INFO - reading batch[125] client 1
2024-11-26 02:39:45,461 - INFO - Partition 2 processing
2024-11-26 02:39:45,465 - INFO - reading batch[125] client 2
2024-11-26 02:39:45,498 - INFO - Partition 1 processing
2024-11-26 02:39:45,517 - INFO - reading batch[125] client 3
2024-11-26 02:39:45,542 - INFO - Partition 1 processing
2024-11-26 02:39:45,564 - INFO - reading batch[125] client 4
2024-11-26 02:39:45,592 - INFO - Partition 1 processing
2024-11-26 02:39:45,611 - INFO - reading batch[126] client 1
2024-11-26 02:39:45,631 - INFO - Partition 1 processing
2024-11-26 02:39:45,644 - INFO - reading batch[126] client 2
2024-11-26 02:39:45,673 - INFO - Partition 1 processing
2024-11-26 02:39:45,688 - INFO - reading batch[126] client 3
2024-11-26 02:39:45,709 - INFO - Partition 4 processing
2024-11-26 02:39:45,709 - INFO - reading batch[126] client 4
2024-11-26 02:39:45,730 - INFO - Partition 1 processing
2024-11-26 02:39:45,740 - INFO - reading batch[127] client 1
2024-11-26 02:39:45,740 - INFO - Partition 2 processing
2024-11-26 02:39:45,762 - INFO - reading batch[127] client 2
2024-11-26 02:39:45,774 - INFO - Partition 3 processing
2024-11-26 02:39:45,781 - INFO - reading batch[127] client 3
2024-11-26 02:39:45,801 - INFO - Partition 1 processing
2024-11-26 02:39:45,816 - INFO - reading batch[127] client 4
2024-11-26 02:39:45,841 - INFO - Partition 1 processing
2024-11-26 02:39:45,857 - INFO - reading batch[128] client 1
2024-11-26 02:39:45,883 - INFO - Partition 2 processing
2024-11-26 02:39:45,895 - INFO - reading batch[128] client 2
2024-11-26 02:39:45,914 - INFO - Partition 1 processing
2024-11-26 02:39:45,924 - INFO - reading batch[128] client 3
2024-11-26 02:39:45,948 - INFO - Partition 1 processing
2024-11-26 02:39:45,959 - INFO - reading batch[128] client 4
2024-11-26 02:39:45,980 - INFO - Partition 1 processing
2024-11-26 02:39:45,990 - INFO - reading batch[129] client 1
2024-11-26 02:39:46,020 - INFO - Partition 2 processing
2024-11-26 02:39:46,031 - INFO - reading batch[129] client 2
2024-11-26 02:39:46,048 - INFO - Partition 3 processing
2024-11-26 02:39:46,057 - INFO - reading batch[129] client 3
2024-11-26 02:39:46,075 - INFO - Partition 4 processing
2024-11-26 02:39:46,075 - INFO - reading batch[129] client 4
2024-11-26 02:39:46,097 - INFO - Partition 1 processing
2024-11-26 02:39:46,113 - INFO - reading batch[130] client 1
2024-11-26 02:39:46,123 - INFO - Partition 1 processing
2024-11-26 02:39:46,140 - INFO - reading batch[130] client 2
2024-11-26 02:39:46,157 - INFO - Partition 1 processing
2024-11-26 02:39:46,182 - INFO - reading batch[130] client 3
2024-11-26 02:39:46,204 - INFO - Partition 1 processing
2024-11-26 02:39:46,208 - INFO - reading batch[130] client 4
2024-11-26 02:39:46,243 - INFO - Partition 1 processing
2024-11-26 02:39:46,255 - INFO - reading batch[131] client 1
2024-11-26 02:39:46,278 - INFO - Partition 2 processing
2024-11-26 02:39:46,284 - INFO - reading batch[131] client 2
2024-11-26 02:39:46,298 - INFO - Partition 3 processing
2024-11-26 02:39:46,306 - INFO - reading batch[131] client 3
2024-11-26 02:39:46,331 - INFO - Partition 1 processing
2024-11-26 02:39:46,349 - INFO - reading batch[131] client 4
2024-11-26 02:39:46,373 - INFO - Final partition
2024-11-26 02:39:46,374 - INFO - Final partition processing
2024-11-26 02:39:46,374 - INFO - Loss: 2.2992312908172607
2024-11-26 02:39:46,374 - INFO - reading batch[132] client 1
2024-11-26 02:39:46,396 - INFO - Partition 2 processing
2024-11-26 02:39:46,407 - INFO - reading batch[132] client 2
2024-11-26 02:39:46,425 - INFO - Partition 1 processing
2024-11-26 02:39:46,437 - INFO - reading batch[132] client 3
2024-11-26 02:39:46,455 - INFO - Final partition
2024-11-26 02:39:46,456 - INFO - Final partition processing
2024-11-26 02:39:46,457 - INFO - Loss: 2.3192498683929443
2024-11-26 02:39:46,458 - INFO - reading batch[132] client 4
2024-11-26 02:39:46,480 - INFO - Partition 1 processing
2024-11-26 02:39:46,493 - INFO - reading batch[133] client 1
2024-11-26 02:39:46,516 - INFO - Partition 1 processing
2024-11-26 02:39:46,532 - INFO - reading batch[133] client 2
2024-11-26 02:39:46,558 - INFO - Partition 1 processing
2024-11-26 02:39:46,563 - INFO - reading batch[133] client 3
2024-11-26 02:39:46,593 - INFO - Partition 1 processing
2024-11-26 02:39:46,596 - INFO - reading batch[133] client 4
2024-11-26 02:39:46,627 - INFO - Partition 1 processing
2024-11-26 02:39:46,628 - INFO - reading batch[134] client 1
2024-11-26 02:39:46,707 - INFO - Partition 2 processing
2024-11-26 02:39:46,759 - INFO - reading batch[134] client 2
2024-11-26 02:39:46,789 - INFO - Partition 3 processing
2024-11-26 02:39:46,789 - INFO - reading batch[134] client 3
2024-11-26 02:39:46,808 - INFO - Partition 4 processing
2024-11-26 02:39:46,809 - INFO - reading batch[134] client 4
2024-11-26 02:39:46,823 - INFO - Partition 1 processing
2024-11-26 02:39:46,849 - INFO - reading batch[135] client 1
2024-11-26 02:39:46,873 - INFO - Partition 2 processing
2024-11-26 02:39:46,873 - INFO - reading batch[135] client 2
2024-11-26 02:39:46,890 - INFO - Partition 1 processing
2024-11-26 02:39:46,908 - INFO - reading batch[135] client 3
2024-11-26 02:39:46,923 - INFO - Partition 1 processing
2024-11-26 02:39:46,950 - INFO - reading batch[135] client 4
2024-11-26 02:39:46,958 - INFO - Partition 1 processing
2024-11-26 02:39:46,975 - INFO - reading batch[136] client 1
2024-11-26 02:39:47,013 - INFO - Partition 1 processing
2024-11-26 02:39:47,026 - INFO - reading batch[136] client 2
2024-11-26 02:39:47,049 - INFO - Partition 3 processing
2024-11-26 02:39:47,051 - INFO - reading batch[136] client 3
2024-11-26 02:39:47,077 - INFO - Partition 1 processing
2024-11-26 02:39:47,091 - INFO - reading batch[136] client 4
2024-11-26 02:39:47,113 - INFO - Partition 1 processing
2024-11-26 02:39:47,140 - INFO - reading batch[137] client 1
2024-11-26 02:39:47,174 - INFO - Partition 2 processing
2024-11-26 02:39:47,177 - INFO - reading batch[137] client 2
2024-11-26 02:39:47,190 - INFO - Partition 1 processing
2024-11-26 02:39:47,212 - INFO - reading batch[137] client 3
2024-11-26 02:39:47,242 - INFO - Partition 4 processing
2024-11-26 02:39:47,242 - INFO - reading batch[137] client 4
2024-11-26 02:39:47,264 - INFO - Partition 1 processing
2024-11-26 02:39:47,272 - INFO - reading batch[138] client 1
2024-11-26 02:39:47,289 - INFO - Partition 2 processing
2024-11-26 02:39:47,311 - INFO - reading batch[138] client 2
2024-11-26 02:39:47,334 - INFO - Partition 1 processing
2024-11-26 02:39:47,346 - INFO - reading batch[138] client 3
2024-11-26 02:39:47,363 - INFO - Partition 1 processing
2024-11-26 02:39:47,373 - INFO - reading batch[138] client 4
2024-11-26 02:39:47,412 - INFO - Partition 1 processing
2024-11-26 02:39:47,425 - INFO - reading batch[139] client 1
2024-11-26 02:39:47,446 - INFO - Partition 2 processing
2024-11-26 02:39:47,459 - INFO - reading batch[139] client 2
2024-11-26 02:39:47,492 - INFO - Partition 3 processing
2024-11-26 02:39:47,492 - INFO - reading batch[139] client 3
2024-11-26 02:39:47,513 - INFO - Partition 1 processing
2024-11-26 02:39:47,527 - INFO - reading batch[139] client 4
2024-11-26 02:39:47,559 - INFO - Partition 1 processing
2024-11-26 02:39:47,575 - INFO - reading batch[140] client 1
2024-11-26 02:39:47,605 - INFO - Partition 2 processing
2024-11-26 02:39:47,605 - INFO - reading batch[140] client 2
2024-11-26 02:39:47,640 - INFO - Partition 1 processing
2024-11-26 02:39:47,659 - INFO - reading batch[140] client 3
2024-11-26 02:39:47,678 - INFO - Partition 1 processing
2024-11-26 02:39:47,690 - INFO - reading batch[140] client 4
2024-11-26 02:39:47,706 - INFO - Partition 1 processing
2024-11-26 02:39:47,723 - INFO - reading batch[141] client 1
2024-11-26 02:39:47,740 - INFO - Partition 1 processing
2024-11-26 02:39:47,765 - INFO - reading batch[141] client 2
2024-11-26 02:39:47,780 - INFO - Partition 3 processing
2024-11-26 02:39:47,787 - INFO - reading batch[141] client 3
2024-11-26 02:39:47,817 - INFO - Partition 4 processing
2024-11-26 02:39:47,817 - INFO - reading batch[141] client 4
2024-11-26 02:39:47,845 - INFO - Partition 1 processing
2024-11-26 02:39:47,860 - INFO - reading batch[142] client 1
2024-11-26 02:39:47,878 - INFO - Final partition
2024-11-26 02:39:47,878 - INFO - Final partition processing
2024-11-26 02:39:47,878 - INFO - Loss: 2.2931206226348877
2024-11-26 02:39:47,883 - INFO - reading batch[142] client 2
2024-11-26 02:39:47,903 - INFO - Partition 1 processing
2024-11-26 02:39:47,906 - INFO - reading batch[142] client 3
2024-11-26 02:39:47,924 - INFO - Partition 1 processing
2024-11-26 02:39:47,946 - INFO - reading batch[142] client 4
2024-11-26 02:39:47,972 - INFO - Final partition
2024-11-26 02:39:47,973 - INFO - Final partition processing
2024-11-26 02:39:47,974 - INFO - Loss: 2.3089659214019775
2024-11-26 02:39:47,974 - INFO - reading batch[143] client 1
2024-11-26 02:39:47,996 - INFO - Partition 1 processing
2024-11-26 02:39:48,019 - INFO - reading batch[143] client 2
2024-11-26 02:39:48,042 - INFO - Partition 1 processing
2024-11-26 02:39:48,056 - INFO - reading batch[143] client 3
2024-11-26 02:39:48,074 - INFO - Final partition
2024-11-26 02:39:48,074 - INFO - Final partition processing
2024-11-26 02:39:48,074 - INFO - Loss: 2.306979179382324
2024-11-26 02:39:48,084 - INFO - reading batch[143] client 4
2024-11-26 02:39:48,110 - INFO - Partition 1 processing
2024-11-26 02:39:48,125 - INFO - reading batch[144] client 1
2024-11-26 02:39:48,146 - INFO - Partition 2 processing
2024-11-26 02:39:48,155 - INFO - reading batch[144] client 2
2024-11-26 02:39:48,181 - INFO - Partition 3 processing
2024-11-26 02:39:48,183 - INFO - reading batch[144] client 3
2024-11-26 02:39:48,209 - INFO - Partition 1 processing
2024-11-26 02:39:48,217 - INFO - reading batch[144] client 4
2024-11-26 02:39:48,252 - INFO - Partition 1 processing
2024-11-26 02:39:48,270 - INFO - reading batch[145] client 1
2024-11-26 02:39:48,296 - INFO - Partition 2 processing
2024-11-26 02:39:48,300 - INFO - reading batch[145] client 2
2024-11-26 02:39:48,314 - INFO - Partition 1 processing
2024-11-26 02:39:48,335 - INFO - reading batch[145] client 3
2024-11-26 02:39:48,347 - INFO - Partition 4 processing
2024-11-26 02:39:48,347 - INFO - reading batch[145] client 4
2024-11-26 02:39:48,390 - INFO - Partition 1 processing
2024-11-26 02:39:48,414 - INFO - reading batch[146] client 1
2024-11-26 02:39:48,436 - INFO - Partition 1 processing
2024-11-26 02:39:48,463 - INFO - reading batch[146] client 2
2024-11-26 02:39:48,500 - INFO - Partition 3 processing
2024-11-26 02:39:48,502 - INFO - reading batch[146] client 3
2024-11-26 02:39:48,536 - INFO - Partition 1 processing
2024-11-26 02:39:48,688 - INFO - reading batch[146] client 4
2024-11-26 02:39:48,722 - INFO - Partition 1 processing
2024-11-26 02:39:48,747 - INFO - reading batch[147] client 1
2024-11-26 02:39:48,779 - INFO - Partition 2 processing
2024-11-26 02:39:48,791 - INFO - reading batch[147] client 2
2024-11-26 02:39:48,812 - INFO - Partition 1 processing
2024-11-26 02:39:48,839 - INFO - reading batch[147] client 3
2024-11-26 02:39:48,858 - INFO - Partition 1 processing
2024-11-26 02:39:48,874 - INFO - reading batch[147] client 4
2024-11-26 02:39:48,895 - INFO - Partition 1 processing
2024-11-26 02:39:48,912 - INFO - reading batch[148] client 1
2024-11-26 02:39:48,955 - INFO - Partition 2 processing
2024-11-26 02:39:48,986 - INFO - reading batch[148] client 2
2024-11-26 02:39:49,012 - INFO - Partition 1 processing
2024-11-26 02:39:49,031 - INFO - reading batch[148] client 3
2024-11-26 02:39:49,054 - INFO - Partition 1 processing
2024-11-26 02:39:49,071 - INFO - reading batch[148] client 4
2024-11-26 02:39:49,093 - INFO - Partition 1 processing
2024-11-26 02:39:49,112 - INFO - reading batch[149] client 1
2024-11-26 02:39:49,140 - INFO - Partition 2 processing
2024-11-26 02:39:49,153 - INFO - reading batch[149] client 2
2024-11-26 02:39:49,175 - INFO - Partition 3 processing
2024-11-26 02:39:49,177 - INFO - reading batch[149] client 3
2024-11-26 02:39:49,203 - INFO - Partition 4 processing
2024-11-26 02:39:49,204 - INFO - reading batch[149] client 4
2024-11-26 02:39:49,235 - INFO - Partition 1 processing
2024-11-26 02:39:49,252 - INFO - reading batch[150] client 1
2024-11-26 02:39:49,279 - INFO - Partition 1 processing
2024-11-26 02:39:49,301 - INFO - reading batch[150] client 2
2024-11-26 02:39:49,329 - INFO - Partition 1 processing
2024-11-26 02:39:49,338 - INFO - reading batch[150] client 3
2024-11-26 02:39:49,376 - INFO - Partition 1 processing
2024-11-26 02:39:49,390 - INFO - reading batch[150] client 4
2024-11-26 02:39:49,412 - INFO - Partition 1 processing
2024-11-26 02:39:49,430 - INFO - reading batch[151] client 1
2024-11-26 02:39:49,455 - INFO - Partition 2 processing
2024-11-26 02:39:49,473 - INFO - reading batch[151] client 2
2024-11-26 02:39:49,496 - INFO - Partition 3 processing
2024-11-26 02:39:49,503 - INFO - reading batch[151] client 3
2024-11-26 02:39:49,525 - INFO - Partition 1 processing
2024-11-26 02:39:49,537 - INFO - reading batch[151] client 4
2024-11-26 02:39:49,560 - INFO - Final partition
2024-11-26 02:39:49,560 - INFO - Final partition processing
2024-11-26 02:39:49,560 - INFO - Loss: 2.3064141273498535
2024-11-26 02:39:49,563 - INFO - reading batch[152] client 1
2024-11-26 02:39:49,584 - INFO - Partition 2 processing
2024-11-26 02:39:49,593 - INFO - reading batch[152] client 2
2024-11-26 02:39:49,604 - INFO - Partition 1 processing
2024-11-26 02:39:49,625 - INFO - reading batch[152] client 3
2024-11-26 02:39:49,663 - INFO - Partition 1 processing
2024-11-26 02:39:49,681 - INFO - reading batch[152] client 4
2024-11-26 02:39:49,707 - INFO - Partition 1 processing
2024-11-26 02:39:49,722 - INFO - reading batch[153] client 1
2024-11-26 02:39:49,744 - INFO - Partition 2 processing
2024-11-26 02:39:49,756 - INFO - reading batch[153] client 2
2024-11-26 02:39:49,770 - INFO - Final partition
2024-11-26 02:39:49,770 - INFO - Final partition processing
2024-11-26 02:39:49,770 - INFO - Loss: 2.305528163909912
2024-11-26 02:39:49,778 - INFO - reading batch[153] client 3
2024-11-26 02:39:49,823 - INFO - Partition 4 processing
2024-11-26 02:39:49,823 - INFO - reading batch[153] client 4
2024-11-26 02:39:49,859 - INFO - Partition 1 processing
2024-11-26 02:39:49,872 - INFO - reading batch[154] client 1
2024-11-26 02:39:49,895 - INFO - Partition 1 processing
2024-11-26 02:39:49,905 - INFO - reading batch[154] client 2
2024-11-26 02:39:49,927 - INFO - Partition 3 processing
2024-11-26 02:39:49,931 - INFO - reading batch[154] client 3
2024-11-26 02:39:49,960 - INFO - Partition 1 processing
2024-11-26 02:39:49,978 - INFO - reading batch[154] client 4
2024-11-26 02:39:49,993 - INFO - Partition 1 processing
2024-11-26 02:39:50,004 - INFO - reading batch[155] client 1
2024-11-26 02:39:50,020 - INFO - Partition 2 processing
2024-11-26 02:39:50,037 - INFO - reading batch[155] client 2
2024-11-26 02:39:50,057 - INFO - Partition 1 processing
2024-11-26 02:39:50,069 - INFO - reading batch[155] client 3
2024-11-26 02:39:50,095 - INFO - Partition 1 processing
2024-11-26 02:39:50,129 - INFO - reading batch[155] client 4
2024-11-26 02:39:50,155 - INFO - Partition 1 processing
2024-11-26 02:39:50,175 - INFO - reading batch[156] client 1
2024-11-26 02:39:50,187 - INFO - Partition 2 processing
2024-11-26 02:39:50,199 - INFO - reading batch[156] client 2
2024-11-26 02:39:50,203 - INFO - Partition 3 processing
2024-11-26 02:39:50,218 - INFO - reading batch[156] client 3
2024-11-26 02:39:50,239 - INFO - Partition 4 processing
2024-11-26 02:39:50,240 - INFO - reading batch[156] client 4
2024-11-26 02:39:50,259 - INFO - Partition 1 processing
2024-11-26 02:39:50,269 - INFO - reading batch[157] client 1
2024-11-26 02:39:50,298 - INFO - Partition 1 processing
2024-11-26 02:39:50,304 - INFO - reading batch[157] client 2
2024-11-26 02:39:50,338 - INFO - Partition 1 processing
2024-11-26 02:39:50,351 - INFO - reading batch[157] client 3
2024-11-26 02:39:50,372 - INFO - Partition 1 processing
2024-11-26 02:39:50,377 - INFO - reading batch[157] client 4
2024-11-26 02:39:50,405 - INFO - Partition 1 processing
2024-11-26 02:39:50,408 - INFO - reading batch[158] client 1
2024-11-26 02:39:50,485 - INFO - Partition 2 processing
2024-11-26 02:39:50,541 - INFO - reading batch[158] client 2
